ERROR 2018-05-23 20:46:41,543 views <django.contrib.sessions.backends.db.SessionStore object at 0x7f7dbb7db908>
INFO 2018-05-23 20:46:41,543 views #####导入数据（3列的那种）#######
ERROR 2018-05-23 20:46:41,543 views #####数据导入失败#######
ERROR 2018-05-23 20:46:41,544 views 'dataFile'
ERROR 2018-05-23 20:46:41,544 views #####未知错误#######
INFO 2018-05-23 20:46:41,568 basehttp "POST /importData/dataAction/ HTTP/1.1" 302 0
INFO 2018-05-23 20:46:41,772 basehttp "GET /importData/?message=%E6%9C%AA%E7%9F%A5%E9%94%99%E8%AF%AF HTTP/1.1" 200 3518
ERROR 2018-05-23 20:46:57,561 views <django.contrib.sessions.backends.db.SessionStore object at 0x7f7dbacfd588>
INFO 2018-05-23 20:46:57,562 views #####导入数据（3列的那种）#######
ERROR 2018-05-23 20:46:57,562 views #####数据导入失败#######
ERROR 2018-05-23 20:46:57,562 views 'dataFile'
ERROR 2018-05-23 20:46:57,562 views #####未知错误#######
INFO 2018-05-23 20:46:57,578 basehttp "POST /importData/dataAction/ HTTP/1.1" 302 0
INFO 2018-05-23 20:46:57,703 basehttp "GET /importData/?message=%E6%9C%AA%E7%9F%A5%E9%94%99%E8%AF%AF HTTP/1.1" 200 3518
ERROR 2018-05-23 20:47:41,283 views dict_items([('_auth_user_hash', '2b94f616a986b17b2a3d71956abb8fb21073c5ec'), ('_auth_user_id', '1'), ('_auth_user_backend', 'django.contrib.auth.backends.ModelBackend')])
INFO 2018-05-23 20:47:41,284 views #####导入数据（3列的那种）#######
ERROR 2018-05-23 20:47:41,284 views #####数据导入失败#######
ERROR 2018-05-23 20:47:41,284 views 'dataFile'
ERROR 2018-05-23 20:47:41,284 views #####未知错误#######
INFO 2018-05-23 20:47:41,321 basehttp "POST /importData/dataAction/ HTTP/1.1" 302 0
INFO 2018-05-23 20:47:41,515 basehttp "GET /importData/?message=%E6%9C%AA%E7%9F%A5%E9%94%99%E8%AF%AF HTTP/1.1" 200 3518
INFO 2018-05-23 20:48:21,471 basehttp "GET /importData/ HTTP/1.1" 302 0
INFO 2018-05-23 20:48:21,502 basehttp "GET /accounts/login/?next=/importData/ HTTP/1.1" 200 672
INFO 2018-05-23 20:48:24,394 basehttp "POST /accounts/login/ HTTP/1.1" 302 0
INFO 2018-05-23 20:48:24,486 basehttp "GET /importData/ HTTP/1.1" 200 3482
ERROR 2018-05-23 20:48:34,806 views dict_items([('_auth_user_hash', 'b3f8480e084dd4f75d3fa37a0f22fb7324c8d01c'), ('_auth_user_id', '2'), ('_auth_user_backend', 'django.contrib.auth.backends.ModelBackend')])
INFO 2018-05-23 20:48:34,806 views #####导入数据（3列的那种）#######
ERROR 2018-05-23 20:48:34,806 views #####数据导入失败#######
ERROR 2018-05-23 20:48:34,807 views 'dataFile'
ERROR 2018-05-23 20:48:34,807 views #####未知错误#######
INFO 2018-05-23 20:48:34,826 basehttp "POST /importData/dataAction/ HTTP/1.1" 302 0
INFO 2018-05-23 20:48:34,918 basehttp "GET /importData/?message=%E6%9C%AA%E7%9F%A5%E9%94%99%E8%AF%AF HTTP/1.1" 200 3518
ERROR 2018-05-23 20:48:48,315 views dict_items([('_auth_user_hash', 'b3f8480e084dd4f75d3fa37a0f22fb7324c8d01c'), ('_auth_user_id', '2'), ('_auth_user_backend', 'django.contrib.auth.backends.ModelBackend')])
INFO 2018-05-23 20:48:48,315 views #####导入数据（3列的那种）#######
ERROR 2018-05-23 20:48:48,315 views #####数据导入失败#######
ERROR 2018-05-23 20:48:48,315 views 'dataFile'
ERROR 2018-05-23 20:48:48,315 views #####未知错误#######
INFO 2018-05-23 20:48:48,326 basehttp "POST /importData/dataAction/ HTTP/1.1" 302 0
INFO 2018-05-23 20:48:48,399 basehttp "GET /importData/?message=%E6%9C%AA%E7%9F%A5%E9%94%99%E8%AF%AF HTTP/1.1" 200 3518
INFO 2018-05-23 20:48:53,537 basehttp "POST /importData/logout/ HTTP/1.1" 302 0
INFO 2018-05-23 20:48:53,570 basehttp "GET /importData/ HTTP/1.1" 302 0
INFO 2018-05-23 20:48:53,619 basehttp "GET /accounts/login/?next=/importData/ HTTP/1.1" 200 672
INFO 2018-05-23 20:49:01,273 basehttp "POST /accounts/login/ HTTP/1.1" 302 0
INFO 2018-05-23 20:49:01,352 basehttp "GET /importData/ HTTP/1.1" 200 3482
ERROR 2018-05-23 20:49:04,313 views dict_items([('_auth_user_hash', 'b3f8480e084dd4f75d3fa37a0f22fb7324c8d01c'), ('_auth_user_id', '2'), ('_auth_user_backend', 'django.contrib.auth.backends.ModelBackend')])
INFO 2018-05-23 20:49:04,313 views #####导入数据（3列的那种）#######
ERROR 2018-05-23 20:49:04,313 views #####数据导入失败#######
ERROR 2018-05-23 20:49:04,313 views 'dataFile'
ERROR 2018-05-23 20:49:04,313 views #####未知错误#######
INFO 2018-05-23 20:49:04,322 basehttp "POST /importData/dataAction/ HTTP/1.1" 302 0
INFO 2018-05-23 20:49:04,420 basehttp "GET /importData/?message=%E6%9C%AA%E7%9F%A5%E9%94%99%E8%AF%AF HTTP/1.1" 200 3518
ERROR 2018-05-23 20:49:11,367 views dict_items([('_auth_user_hash', 'b3f8480e084dd4f75d3fa37a0f22fb7324c8d01c'), ('_auth_user_id', '2'), ('_auth_user_backend', 'django.contrib.auth.backends.ModelBackend')])
INFO 2018-05-23 20:49:11,367 views #####导入数据（3列的那种）#######
ERROR 2018-05-23 20:49:11,367 views #####数据导入失败#######
ERROR 2018-05-23 20:49:11,368 views 'dataFile'
ERROR 2018-05-23 20:49:11,368 views #####未知错误#######
INFO 2018-05-23 20:49:11,380 basehttp "POST /importData/dataAction/ HTTP/1.1" 302 0
INFO 2018-05-23 20:49:11,503 basehttp "GET /importData/?message=%E6%9C%AA%E7%9F%A5%E9%94%99%E8%AF%AF HTTP/1.1" 200 3518
ERROR 2018-05-23 20:52:53,787 views dict_items([('sessionid', '45ecnvsrmb4qtb9d87m0kd9fq4faz4my'), ('csrftoken', 'LThpclbBFRb2VMS2ZXetaRB4jsoUqcJFyY07anoI4tUVyVZ3e5bjmAqFkdu0uLG6')])
INFO 2018-05-23 20:52:53,788 views #####导入数据（3列的那种）#######
ERROR 2018-05-23 20:52:53,788 views #####数据导入失败#######
ERROR 2018-05-23 20:52:53,788 views 'dataFile'
ERROR 2018-05-23 20:52:53,788 views #####未知错误#######
INFO 2018-05-23 20:52:53,814 basehttp "POST /importData/dataAction/ HTTP/1.1" 302 0
INFO 2018-05-23 20:52:54,011 basehttp "GET /importData/?message=%E6%9C%AA%E7%9F%A5%E9%94%99%E8%AF%AF HTTP/1.1" 200 3518
ERROR 2018-05-23 20:53:11,566 views dict_items([('sessionid', '2pjf5k4ewte96t8kg620s4318bznoad1'), ('csrftoken', 'VEqS7r0BREjshspeCJcgp6cuVlSH11GMO64STHJIkuyKSoHJNUN1Odasu38hHhe2')])
INFO 2018-05-23 20:53:11,566 views #####导入数据（3列的那种）#######
ERROR 2018-05-23 20:53:11,566 views #####数据导入失败#######
ERROR 2018-05-23 20:53:11,566 views 'dataFile'
ERROR 2018-05-23 20:53:11,567 views #####未知错误#######
INFO 2018-05-23 20:53:11,588 basehttp "POST /importData/dataAction/ HTTP/1.1" 302 0
INFO 2018-05-23 20:53:11,661 basehttp "GET /importData/?message=%E6%9C%AA%E7%9F%A5%E9%94%99%E8%AF%AF HTTP/1.1" 200 3518
ERROR 2018-05-23 20:54:29,298 views 45ecnvsrmb4qtb9d87m0kd9fq4faz4my
INFO 2018-05-23 20:54:29,298 views #####导入数据（3列的那种）#######
ERROR 2018-05-23 20:54:29,298 views #####数据导入失败#######
ERROR 2018-05-23 20:54:29,298 views 'dataFile'
ERROR 2018-05-23 20:54:29,299 views #####未知错误#######
INFO 2018-05-23 20:54:29,331 basehttp "POST /importData/dataAction/ HTTP/1.1" 302 0
INFO 2018-05-23 20:54:29,490 basehttp "GET /importData/?message=%E6%9C%AA%E7%9F%A5%E9%94%99%E8%AF%AF HTTP/1.1" 200 3518
ERROR 2018-05-23 20:54:45,488 views 45ecnvsrmb4qtb9d87m0kd9fq4faz4my
INFO 2018-05-23 20:54:45,488 views #####导入数据（3列的那种）#######
ERROR 2018-05-23 20:54:45,488 views #####数据导入失败#######
ERROR 2018-05-23 20:54:45,489 views 'dataFile'
ERROR 2018-05-23 20:54:45,489 views #####未知错误#######
INFO 2018-05-23 20:54:45,501 basehttp "POST /importData/dataAction/ HTTP/1.1" 302 0
INFO 2018-05-23 20:54:45,622 basehttp "GET /importData/?message=%E6%9C%AA%E7%9F%A5%E9%94%99%E8%AF%AF HTTP/1.1" 200 3518
INFO 2018-05-23 20:59:18,632 basehttp "POST /importData/dataActionPlus/ HTTP/1.1" 302 0
INFO 2018-05-23 20:59:18,718 basehttp "GET /accounts/login/?next=/importData/dataActionPlus/ HTTP/1.1" 200 687
INFO 2018-05-23 20:59:23,070 basehttp "POST /accounts/login/ HTTP/1.1" 302 0
INFO 2018-05-23 20:59:23,117 views #####导入数据（5列的那种）#######
ERROR 2018-05-23 20:59:23,117 views #####数据导入失败#######
ERROR 2018-05-23 20:59:23,117 views 'dataFile'
ERROR 2018-05-23 20:59:23,117 views #####未知错误#######
INFO 2018-05-23 20:59:23,137 basehttp "GET /importData/dataActionPlus/ HTTP/1.1" 302 0
INFO 2018-05-23 20:59:23,223 basehttp "GET /importData/?message=%E6%9C%AA%E7%9F%A5%E9%94%99%E8%AF%AF HTTP/1.1" 200 3518
INFO 2018-05-23 20:59:31,075 views #####导入数据（5列的那种）#######
INFO 2018-05-23 20:59:31,075 views #####上传文件名：DataPlus_vHMAH7f.xls######
ERROR 2018-05-23 20:59:31,093 views #####数据导入失败#######
ERROR 2018-05-23 20:59:31,093 views 'Logger' object has no attribute 'INFO'
ERROR 2018-05-23 20:59:31,093 views #####未知错误#######
INFO 2018-05-23 20:59:31,114 basehttp "POST /importData/dataActionPlus/ HTTP/1.1" 302 0
INFO 2018-05-23 20:59:31,213 basehttp "GET /importData/?message=%E6%9C%AA%E7%9F%A5%E9%94%99%E8%AF%AF HTTP/1.1" 200 3518
INFO 2018-05-23 21:00:51,287 views o3cedp3ga6nu96toamahjgbv3mqklreg#####导入数据（5列的那种）#######
INFO 2018-05-23 21:00:51,287 views o3cedp3ga6nu96toamahjgbv3mqklreg#####上传文件名：DataPlus_vHMAH7f_n9971kw.xls######
INFO 2018-05-23 21:00:51,302 views o3cedp3ga6nu96toamahjgbv3mqklreg#####上传者:testUser1#####
INFO 2018-05-23 21:00:51,354 views o3cedp3ga6nu96toamahjgbv3mqklreg#####数据校验通过#######
INFO 2018-05-23 21:00:51,976 views o3cedp3ga6nu96toamahjgbv3mqklreg#####数据导入成功#######
ERROR 2018-05-23 21:00:51,977 views 数据导入成功
INFO 2018-05-23 21:00:52,020 basehttp "POST /importData/dataActionPlus/ HTTP/1.1" 302 0
INFO 2018-05-23 21:00:52,165 basehttp "GET /importData/?message=%E6%95%B0%E6%8D%AE%E5%AF%BC%E5%85%A5%E6%88%90%E5%8A%9F HTTP/1.1" 200 3524
